Started GET "/" for ::1 at 2020-08-08 14:05:26 +0900
  
ActiveRecord::NoDatabaseError (FATAL:  database "simpree_development" does not exist
):
  
vendor/bundle/ruby/2.6.0/gems/activerecord-5.2.3/lib/active_record/connection_adapters/postgresql_adapter.rb:696:in `rescue in connect'
vendor/bundle/ruby/2.6.0/gems/activerecord-5.2.3/lib/active_record/connection_adapters/postgresql_adapter.rb:691:in `connect'
vendor/bundle/ruby/2.6.0/gems/activerecord-5.2.3/lib/active_record/connection_adapters/postgresql_adapter.rb:223:in `initialize'
vendor/bundle/ruby/2.6.0/gems/activerecord-5.2.3/lib/active_record/connection_adapters/postgresql_adapter.rb:48:in `new'
vendor/bundle/ruby/2.6.0/gems/activerecord-5.2.3/lib/active_record/connection_adapters/postgresql_adapter.rb:48:in `postgresql_connection'
vendor/bundle/ruby/2.6.0/gems/activerecord-5.2.3/lib/active_record/connection_adapters/abstract/connection_pool.rb:811:in `new_connection'
vendor/bundle/ruby/2.6.0/gems/activerecord-5.2.3/lib/active_record/connection_adapters/abstract/connection_pool.rb:855:in `checkout_new_connection'
vendor/bundle/ruby/2.6.0/gems/activerecord-5.2.3/lib/active_record/connection_adapters/abstract/connection_pool.rb:834:in `try_to_checkout_new_connection'
vendor/bundle/ruby/2.6.0/gems/activerecord-5.2.3/lib/active_record/connection_adapters/abstract/connection_pool.rb:795:in `acquire_connection'
vendor/bundle/ruby/2.6.0/gems/activerecord-5.2.3/lib/active_record/connection_adapters/abstract/connection_pool.rb:523:in `checkout'
vendor/bundle/ruby/2.6.0/gems/activerecord-5.2.3/lib/active_record/connection_adapters/abstract/connection_pool.rb:382:in `connection'
vendor/bundle/ruby/2.6.0/gems/activerecord-5.2.3/lib/active_record/connection_adapters/abstract/connection_pool.rb:1014:in `retrieve_connection'
vendor/bundle/ruby/2.6.0/gems/activerecord-5.2.3/lib/active_record/connection_handling.rb:118:in `retrieve_connection'
vendor/bundle/ruby/2.6.0/gems/activerecord-5.2.3/lib/active_record/connection_handling.rb:90:in `connection'
vendor/bundle/ruby/2.6.0/gems/activerecord-5.2.3/lib/active_record/migration.rb:554:in `call'
vendor/bundle/ruby/2.6.0/gems/actionpack-5.2.3/lib/action_dispatch/middleware/callbacks.rb:28:in `block in call'
vendor/bundle/ruby/2.6.0/gems/activesupport-5.2.3/lib/active_support/callbacks.rb:98:in `run_callbacks'
vendor/bundle/ruby/2.6.0/gems/actionpack-5.2.3/lib/action_dispatch/middleware/callbacks.rb:26:in `call'
vendor/bundle/ruby/2.6.0/gems/actionpack-5.2.3/lib/action_dispatch/middleware/executor.rb:14:in `call'
vendor/bundle/ruby/2.6.0/gems/actionpack-5.2.3/lib/action_dispatch/middleware/debug_exceptions.rb:61:in `call'
vendor/bundle/ruby/2.6.0/gems/web-console-3.7.0/lib/web_console/middleware.rb:135:in `call_app'
vendor/bundle/ruby/2.6.0/gems/web-console-3.7.0/lib/web_console/middleware.rb:30:in `block in call'
vendor/bundle/ruby/2.6.0/gems/web-console-3.7.0/lib/web_console/middleware.rb:20:in `catch'
vendor/bundle/ruby/2.6.0/gems/web-console-3.7.0/lib/web_console/middleware.rb:20:in `call'
vendor/bundle/ruby/2.6.0/gems/actionpack-5.2.3/lib/action_dispatch/middleware/show_exceptions.rb:33:in `call'
vendor/bundle/ruby/2.6.0/gems/railties-5.2.3/lib/rails/rack/logger.rb:38:in `call_app'
vendor/bundle/ruby/2.6.0/gems/railties-5.2.3/lib/rails/rack/logger.rb:26:in `block in call'
vendor/bundle/ruby/2.6.0/gems/activesupport-5.2.3/lib/active_support/tagged_logging.rb:71:in `block in tagged'
vendor/bundle/ruby/2.6.0/gems/activesupport-5.2.3/lib/active_support/tagged_logging.rb:28:in `tagged'
vendor/bundle/ruby/2.6.0/gems/activesupport-5.2.3/lib/active_support/tagged_logging.rb:71:in `tagged'
vendor/bundle/ruby/2.6.0/gems/railties-5.2.3/lib/rails/rack/logger.rb:26:in `call'
vendor/bundle/ruby/2.6.0/gems/sprockets-rails-3.2.1/lib/sprockets/rails/quiet_assets.rb:13:in `call'
vendor/bundle/ruby/2.6.0/gems/actionpack-5.2.3/lib/action_dispatch/middleware/remote_ip.rb:81:in `call'
vendor/bundle/ruby/2.6.0/gems/actionpack-5.2.3/lib/action_dispatch/middleware/request_id.rb:27:in `call'
vendor/bundle/ruby/2.6.0/gems/rack-2.2.3/lib/rack/method_override.rb:24:in `call'
vendor/bundle/ruby/2.6.0/gems/rack-2.2.3/lib/rack/runtime.rb:22:in `call'
vendor/bundle/ruby/2.6.0/gems/activesupport-5.2.3/lib/active_support/cache/strategy/local_cache_middleware.rb:29:in `call'
vendor/bundle/ruby/2.6.0/gems/actionpack-5.2.3/lib/action_dispatch/middleware/executor.rb:14:in `call'
vendor/bundle/ruby/2.6.0/gems/actionpack-5.2.3/lib/action_dispatch/middleware/static.rb:127:in `call'
vendor/bundle/ruby/2.6.0/gems/rack-2.2.3/lib/rack/sendfile.rb:110:in `call'
vendor/bundle/ruby/2.6.0/gems/railties-5.2.3/lib/rails/engine.rb:524:in `call'
vendor/bundle/ruby/2.6.0/gems/puma-3.12.6/lib/puma/configuration.rb:227:in `call'
vendor/bundle/ruby/2.6.0/gems/puma-3.12.6/lib/puma/server.rb:706:in `handle_request'
vendor/bundle/ruby/2.6.0/gems/puma-3.12.6/lib/puma/server.rb:476:in `process_client'
vendor/bundle/ruby/2.6.0/gems/puma-3.12.6/lib/puma/server.rb:334:in `block in run'
vendor/bundle/ruby/2.6.0/gems/puma-3.12.6/lib/puma/thread_pool.rb:135:in `block in spawn_thread'
  [1m[35m (223.2ms)[0m  [1m[35mCREATE DATABASE "simpree_development" ENCODING = 'unicode'[0m
  ↳ bin/rails:4
  [1m[35m (116.0ms)[0m  [1m[35mCREATE DATABASE "simpree_test" ENCODING = 'unicode'[0m
  ↳ bin/rails:4
Started GET "/" for ::1 at 2020-08-08 14:07:08 +0900
Processing by Rails::WelcomeController#index as HTML
  Rendering vendor/bundle/ruby/2.6.0/gems/railties-5.2.3/lib/rails/templates/rails/welcome/index.html.erb
  Rendered vendor/bundle/ruby/2.6.0/gems/railties-5.2.3/lib/rails/templates/rails/welcome/index.html.erb (2.6ms)
Completed 200 OK in 10ms (Views: 4.8ms | ActiveRecord: 0.0ms)


Started GET "/" for ::1 at 2020-08-09 00:15:01 +0900
Processing by PostsController#index as HTML
  Rendering posts/index.html.haml within layouts/application
  Rendered posts/index.html.haml within layouts/application (15.4ms)
Completed 200 OK in 668ms (Views: 662.3ms | ActiveRecord: 0.0ms)


Started GET "/" for ::1 at 2020-08-09 03:47:43 +0900
Processing by PostsController#index as HTML
  Rendering posts/index.html.haml within layouts/application
  Rendered posts/index.html.haml within layouts/application (14.0ms)
Completed 200 OK in 439ms (Views: 433.3ms | ActiveRecord: 0.0ms)


Started GET "/" for ::1 at 2020-08-09 03:56:29 +0900
Processing by PostsController#index as HTML
  Rendering posts/index.html.haml within layouts/application
  Rendered posts/index.html.haml within layouts/application (9.1ms)
Completed 500 Internal Server Error in 13ms (ActiveRecord: 0.0ms)


  
ActionView::Template::Error (Invalid filter name ":javascript {".):
    1: %pjQuery稼働テスト(未稼働)
    2: :javascript {
    3:   $(document).ready(function() {
    4:     $("p").text("jQuery稼働テスト(稼働中)");
    5:   });
  
app/views/posts/index.html.haml:2
Started GET "/" for ::1 at 2020-08-09 03:56:38 +0900
Processing by PostsController#index as HTML
  Rendering posts/index.html.haml within layouts/application
  Rendered posts/index.html.haml within layouts/application (2.0ms)
Completed 500 Internal Server Error in 5ms (ActiveRecord: 0.0ms)


  
ActionView::Template::Error (Invalid filter name ":javascript {".):
    1: %pjQuery稼働テスト(未稼働)
    2: :javascript {
    3:   $(document).ready(function() {
    4:     $("p").text("jQuery稼働テスト(稼働中)");
    5:   });
  
app/views/posts/index.html.haml:2
Started GET "/" for ::1 at 2020-08-09 03:57:01 +0900
Processing by PostsController#index as HTML
  Rendering posts/index.html.haml within layouts/application
  Rendered posts/index.html.haml within layouts/application (7.5ms)
Completed 200 OK in 40ms (Views: 38.2ms | ActiveRecord: 0.0ms)


Started GET "/" for ::1 at 2020-08-09 03:57:21 +0900
Processing by PostsController#index as HTML
  Rendering posts/index.html.haml within layouts/application
  Rendered posts/index.html.haml within layouts/application (7.6ms)
Completed 200 OK in 41ms (Views: 40.1ms | ActiveRecord: 0.0ms)


Started GET "/" for ::1 at 2020-08-09 03:59:16 +0900
Processing by PostsController#index as HTML
  Rendering posts/index.html.haml within layouts/application
  Rendered posts/index.html.haml within layouts/application (4.2ms)
Completed 200 OK in 22ms (Views: 20.9ms | ActiveRecord: 0.0ms)


Started GET "/" for ::1 at 2020-08-09 04:02:27 +0900
Processing by PostsController#index as HTML
  Rendering posts/index.html.haml within layouts/application
  Rendered posts/index.html.haml within layouts/application (3.1ms)
Completed 200 OK in 95ms (Views: 94.2ms | ActiveRecord: 0.0ms)


Started GET "/" for ::1 at 2020-08-09 04:02:51 +0900
Processing by PostsController#index as HTML
  Rendering posts/index.html.haml within layouts/application
  Rendered posts/index.html.haml within layouts/application (2.9ms)
Completed 200 OK in 100ms (Views: 99.3ms | ActiveRecord: 0.0ms)


Started GET "/" for ::1 at 2020-08-09 06:22:58 +0900
Processing by PostsController#index as HTML
  Rendering posts/index.html.haml within layouts/application
  Rendered posts/index.html.haml within layouts/application (17.5ms)
Completed 200 OK in 319ms (Views: 314.8ms | ActiveRecord: 0.0ms)


Started GET "/" for ::1 at 2020-08-09 06:24:02 +0900
Processing by PostsController#index as HTML
  Rendering posts/index.html.haml within layouts/application
  Rendered posts/index.html.haml within layouts/application (9.5ms)
Completed 200 OK in 130ms (Views: 128.8ms | ActiveRecord: 0.0ms)


Started GET "/" for ::1 at 2020-08-09 06:25:48 +0900
Processing by PostsController#index as HTML
  Rendering posts/index.html.haml within layouts/application
  Rendered posts/index.html.haml within layouts/application (9.9ms)
Completed 200 OK in 61ms (Views: 58.8ms | ActiveRecord: 0.0ms)


Started GET "/" for ::1 at 2020-08-09 06:25:51 +0900
Processing by PostsController#index as HTML
  Rendering posts/index.html.haml within layouts/application
  Rendered posts/index.html.haml within layouts/application (8.4ms)
Completed 200 OK in 28ms (Views: 26.6ms | ActiveRecord: 0.0ms)


Started GET "/" for ::1 at 2020-08-09 06:28:39 +0900
Processing by PostsController#index as HTML
  Rendering posts/index.html.haml within layouts/application
  Rendered posts/index.html.haml within layouts/application (10.5ms)
Completed 200 OK in 50ms (Views: 49.0ms | ActiveRecord: 0.0ms)


Started GET "/" for ::1 at 2020-08-09 06:30:39 +0900
Processing by PostsController#index as HTML
  Rendering posts/index.html.haml within layouts/application
  Rendered posts/index.html.haml within layouts/application (9.3ms)
Completed 200 OK in 78ms (Views: 77.3ms | ActiveRecord: 0.0ms)


Started GET "/" for ::1 at 2020-08-09 06:31:40 +0900
Processing by PostsController#index as HTML
  Rendering posts/index.html.haml within layouts/application
  Rendered posts/index.html.haml within layouts/application (9.2ms)
Completed 200 OK in 101ms (Views: 99.9ms | ActiveRecord: 0.0ms)


Started GET "/" for ::1 at 2020-08-09 06:32:20 +0900
Processing by PostsController#index as HTML
  Rendering posts/index.html.haml within layouts/application
  Rendered posts/index.html.haml within layouts/application (9.1ms)
Completed 200 OK in 57ms (Views: 55.2ms | ActiveRecord: 0.0ms)


Started GET "/" for ::1 at 2020-08-09 06:33:40 +0900
Processing by PostsController#index as HTML
  Rendering posts/index.html.haml within layouts/application
  Rendered posts/index.html.haml within layouts/application (9.2ms)
Completed 200 OK in 63ms (Views: 61.8ms | ActiveRecord: 0.0ms)


Started GET "/" for ::1 at 2020-08-09 06:33:54 +0900
Processing by PostsController#index as HTML
  Rendering posts/index.html.haml within layouts/application
  Rendered posts/index.html.haml within layouts/application (14.7ms)
Completed 200 OK in 55ms (Views: 54.2ms | ActiveRecord: 0.0ms)


Started GET "/" for ::1 at 2020-08-09 06:35:46 +0900
Processing by PostsController#index as HTML
  Rendering posts/index.html.haml within layouts/application
  Rendered posts/index.html.haml within layouts/application (12.7ms)
Completed 200 OK in 71ms (Views: 69.9ms | ActiveRecord: 0.0ms)


Started GET "/" for ::1 at 2020-08-09 06:36:55 +0900
Processing by PostsController#index as HTML
  Rendering posts/index.html.haml within layouts/application
  Rendered posts/index.html.haml within layouts/application (42.5ms)
Completed 200 OK in 92ms (Views: 90.9ms | ActiveRecord: 0.0ms)


Started GET "/" for ::1 at 2020-08-09 06:37:39 +0900
Processing by PostsController#index as HTML
  Rendering posts/index.html.haml within layouts/application
  Rendered posts/index.html.haml within layouts/application (8.0ms)
Completed 200 OK in 95ms (Views: 93.9ms | ActiveRecord: 0.0ms)


Started GET "/" for ::1 at 2020-08-09 06:38:07 +0900
Processing by PostsController#index as HTML
  Rendering posts/index.html.haml within layouts/application
  Rendered posts/index.html.haml within layouts/application (16.4ms)
Completed 200 OK in 57ms (Views: 55.6ms | ActiveRecord: 0.0ms)


Started GET "/" for ::1 at 2020-08-09 06:39:39 +0900
Processing by PostsController#index as HTML
  Rendering posts/index.html.haml within layouts/application
  Rendered posts/index.html.haml within layouts/application (26.4ms)
Completed 200 OK in 95ms (Views: 94.1ms | ActiveRecord: 0.0ms)


Started GET "/" for ::1 at 2020-08-09 06:41:39 +0900
Processing by PostsController#index as HTML
  Rendering posts/index.html.haml within layouts/application
  Rendered posts/index.html.haml within layouts/application (9.2ms)
Completed 200 OK in 61ms (Views: 59.8ms | ActiveRecord: 0.0ms)


Started GET "/" for ::1 at 2020-08-09 06:47:00 +0900
Processing by PostsController#index as HTML
  Rendering posts/index.html.haml within layouts/application
  Rendered posts/index.html.haml within layouts/application (7.5ms)
Completed 200 OK in 104ms (Views: 102.7ms | ActiveRecord: 0.0ms)


Started GET "/" for ::1 at 2020-08-09 06:48:44 +0900
Processing by PostsController#index as HTML
  Rendering posts/index.html.haml within layouts/application
  Rendered posts/index.html.haml within layouts/application (8.3ms)
Completed 200 OK in 96ms (Views: 94.5ms | ActiveRecord: 0.0ms)


Started GET "/" for ::1 at 2020-08-09 06:51:25 +0900
Processing by PostsController#index as HTML
  Rendering posts/index.html.haml within layouts/application
  Rendered posts/index.html.haml within layouts/application (8.4ms)
Completed 200 OK in 90ms (Views: 89.3ms | ActiveRecord: 0.0ms)


Started GET "/" for ::1 at 2020-08-09 06:51:59 +0900
Processing by PostsController#index as HTML
  Rendering posts/index.html.haml within layouts/application
  Rendered posts/index.html.haml within layouts/application (8.1ms)
Completed 200 OK in 51ms (Views: 49.4ms | ActiveRecord: 0.0ms)


Started GET "/" for ::1 at 2020-08-09 06:52:53 +0900
Processing by PostsController#index as HTML
  Rendering posts/index.html.haml within layouts/application
  Rendered posts/index.html.haml within layouts/application (14.3ms)
Completed 200 OK in 78ms (Views: 77.4ms | ActiveRecord: 0.0ms)


Started GET "/" for ::1 at 2020-08-09 06:57:55 +0900
Processing by PostsController#index as HTML
  Rendering posts/index.html.haml within layouts/application
  Rendered posts/index.html.haml within layouts/application (15.5ms)
Completed 200 OK in 72ms (Views: 70.5ms | ActiveRecord: 0.0ms)


Started GET "/" for ::1 at 2020-08-09 06:58:49 +0900
Processing by PostsController#index as HTML
  Rendering posts/index.html.haml within layouts/application
  Rendered posts/index.html.haml within layouts/application (15.3ms)
Completed 200 OK in 64ms (Views: 62.6ms | ActiveRecord: 0.0ms)


Started GET "/" for ::1 at 2020-08-09 06:58:56 +0900
Processing by PostsController#index as HTML
  Rendering posts/index.html.haml within layouts/application
  Rendered posts/index.html.haml within layouts/application (13.9ms)
Completed 200 OK in 34ms (Views: 32.6ms | ActiveRecord: 0.0ms)


Started GET "/" for ::1 at 2020-08-09 06:59:12 +0900
Processing by PostsController#index as HTML
  Rendering posts/index.html.haml within layouts/application
  Rendered posts/index.html.haml within layouts/application (16.2ms)
Completed 200 OK in 36ms (Views: 34.6ms | ActiveRecord: 0.0ms)


Started GET "/" for ::1 at 2020-08-09 07:01:07 +0900
Processing by PostsController#index as HTML
  Rendering posts/index.html.haml within layouts/application
  Rendered posts/index.html.haml within layouts/application (11.2ms)
Completed 200 OK in 79ms (Views: 77.8ms | ActiveRecord: 0.0ms)


Started GET "/" for ::1 at 2020-08-09 07:01:56 +0900
Processing by PostsController#index as HTML
  Rendering posts/index.html.haml within layouts/application
  Rendered posts/index.html.haml within layouts/application (55.7ms)
Completed 200 OK in 79ms (Views: 77.3ms | ActiveRecord: 0.0ms)


Started GET "/" for ::1 at 2020-08-09 07:06:54 +0900
Processing by PostsController#index as HTML
  Rendering posts/index.html.haml within layouts/application
  Rendered posts/index.html.haml within layouts/application (165.0ms)
Completed 200 OK in 230ms (Views: 228.8ms | ActiveRecord: 0.0ms)


Started GET "/" for ::1 at 2020-08-09 07:08:54 +0900
Processing by PostsController#index as HTML
  Rendering posts/index.html.haml within layouts/application
  Rendered posts/index.html.haml within layouts/application (34.8ms)
Completed 200 OK in 86ms (Views: 84.1ms | ActiveRecord: 0.0ms)


Started GET "/" for ::1 at 2020-08-09 07:10:18 +0900
Processing by PostsController#index as HTML
  Rendering posts/index.html.haml within layouts/application
  Rendered posts/index.html.haml within layouts/application (28.0ms)
Completed 200 OK in 84ms (Views: 82.3ms | ActiveRecord: 0.0ms)


Started GET "/" for ::1 at 2020-08-09 07:11:09 +0900
Processing by PostsController#index as HTML
  Rendering posts/index.html.haml within layouts/application
  Rendered posts/index.html.haml within layouts/application (25.4ms)
Completed 200 OK in 90ms (Views: 89.0ms | ActiveRecord: 0.0ms)


Started GET "/" for ::1 at 2020-08-09 07:11:31 +0900
Processing by PostsController#index as HTML
  Rendering posts/index.html.haml within layouts/application
  Rendered posts/index.html.haml within layouts/application (28.3ms)
Completed 200 OK in 87ms (Views: 85.9ms | ActiveRecord: 0.0ms)


Started GET "/" for ::1 at 2020-08-09 07:12:01 +0900
Processing by PostsController#index as HTML
  Rendering posts/index.html.haml within layouts/application
  Rendered posts/index.html.haml within layouts/application (22.1ms)
Completed 200 OK in 105ms (Views: 103.9ms | ActiveRecord: 0.0ms)


Started GET "/" for ::1 at 2020-08-09 07:14:51 +0900
Processing by PostsController#index as HTML
  Rendering posts/index.html.haml within layouts/application
  Rendered posts/index.html.haml within layouts/application (18.7ms)
Completed 200 OK in 81ms (Views: 80.0ms | ActiveRecord: 0.0ms)


Started GET "/" for ::1 at 2020-08-09 07:15:18 +0900
Processing by PostsController#index as HTML
  Rendering posts/index.html.haml within layouts/application
  Rendered posts/index.html.haml within layouts/application (17.3ms)
Completed 200 OK in 48ms (Views: 46.5ms | ActiveRecord: 0.0ms)


Started GET "/" for ::1 at 2020-08-09 07:17:01 +0900
Processing by PostsController#index as HTML
  Rendering posts/index.html.haml within layouts/application
  Rendered posts/index.html.haml within layouts/application (18.1ms)
Completed 200 OK in 73ms (Views: 71.6ms | ActiveRecord: 0.0ms)


Started GET "/" for ::1 at 2020-08-09 07:17:54 +0900
Processing by PostsController#index as HTML
  Rendering posts/index.html.haml within layouts/application
  Rendered posts/index.html.haml within layouts/application (17.3ms)
Completed 200 OK in 94ms (Views: 93.1ms | ActiveRecord: 0.0ms)


Started GET "/" for ::1 at 2020-08-09 07:19:08 +0900
Processing by PostsController#index as HTML
  Rendering posts/index.html.haml within layouts/application
  Rendered posts/index.html.haml within layouts/application (25.5ms)
Completed 200 OK in 99ms (Views: 97.7ms | ActiveRecord: 0.0ms)


Started GET "/" for ::1 at 2020-08-09 07:19:50 +0900
Processing by PostsController#index as HTML
  Rendering posts/index.html.haml within layouts/application
  Rendered posts/index.html.haml within layouts/application (18.8ms)
Completed 200 OK in 82ms (Views: 80.7ms | ActiveRecord: 0.0ms)


Started GET "/" for ::1 at 2020-08-09 07:23:38 +0900
Processing by PostsController#index as HTML
  Rendering posts/index.html.haml within layouts/application
  Rendered posts/index.html.haml within layouts/application (142.1ms)
Completed 200 OK in 210ms (Views: 209.2ms | ActiveRecord: 0.0ms)


Started GET "/" for ::1 at 2020-08-09 07:25:16 +0900
Processing by PostsController#index as HTML
  Rendering posts/index.html.haml within layouts/application
  Rendered posts/index.html.haml within layouts/application (28.2ms)
Completed 200 OK in 97ms (Views: 92.3ms | ActiveRecord: 0.0ms)


Started GET "/" for ::1 at 2020-08-09 07:25:18 +0900
Processing by PostsController#index as HTML
  Rendering posts/index.html.haml within layouts/application
  Rendered posts/index.html.haml within layouts/application (16.6ms)
Completed 200 OK in 35ms (Views: 33.3ms | ActiveRecord: 0.0ms)


Started GET "/" for ::1 at 2020-08-09 07:25:54 +0900
Processing by PostsController#index as HTML
  Rendering posts/index.html.haml within layouts/application
  Rendered posts/index.html.haml within layouts/application (24.9ms)
Completed 200 OK in 90ms (Views: 88.5ms | ActiveRecord: 0.0ms)


Started GET "/" for ::1 at 2020-08-09 07:25:57 +0900
Processing by PostsController#index as HTML
  Rendering posts/index.html.haml within layouts/application
  Rendered posts/index.html.haml within layouts/application (15.4ms)
Completed 200 OK in 32ms (Views: 31.2ms | ActiveRecord: 0.0ms)


Started GET "/" for ::1 at 2020-08-09 07:26:14 +0900
Processing by PostsController#index as HTML
  Rendering posts/index.html.haml within layouts/application
  Rendered posts/index.html.haml within layouts/application (45.9ms)
Completed 200 OK in 100ms (Views: 98.9ms | ActiveRecord: 0.0ms)


Started GET "/" for ::1 at 2020-08-09 07:26:19 +0900
Processing by PostsController#index as HTML
  Rendering posts/index.html.haml within layouts/application
  Rendered posts/index.html.haml within layouts/application (18.3ms)
Completed 200 OK in 38ms (Views: 36.5ms | ActiveRecord: 0.0ms)


Started GET "/" for ::1 at 2020-08-09 07:26:39 +0900
Processing by PostsController#index as HTML
  Rendering posts/index.html.haml within layouts/application
  Rendered posts/index.html.haml within layouts/application (23.2ms)
Completed 200 OK in 82ms (Views: 80.8ms | ActiveRecord: 0.0ms)


Started GET "/" for ::1 at 2020-08-09 07:27:52 +0900
Processing by PostsController#index as HTML
  Rendering posts/index.html.haml within layouts/application
  Rendered posts/index.html.haml within layouts/application (31.0ms)
Completed 200 OK in 94ms (Views: 92.5ms | ActiveRecord: 0.0ms)


Started GET "/" for ::1 at 2020-08-09 07:28:17 +0900
Processing by PostsController#index as HTML
  Rendering posts/index.html.haml within layouts/application
  Rendered posts/index.html.haml within layouts/application (39.3ms)
Completed 200 OK in 97ms (Views: 96.4ms | ActiveRecord: 0.0ms)


Started GET "/" for ::1 at 2020-08-09 07:30:14 +0900
Processing by PostsController#index as HTML
  Rendering posts/index.html.haml within layouts/application
  Rendered posts/index.html.haml within layouts/application (18.3ms)
Completed 200 OK in 88ms (Views: 87.1ms | ActiveRecord: 0.0ms)


Started GET "/" for ::1 at 2020-08-09 07:30:15 +0900
Processing by PostsController#index as HTML
  Rendering posts/index.html.haml within layouts/application
  Rendered posts/index.html.haml within layouts/application (19.7ms)
Completed 200 OK in 38ms (Views: 37.4ms | ActiveRecord: 0.0ms)


Started GET "/" for ::1 at 2020-08-09 07:30:30 +0900
Processing by PostsController#index as HTML
  Rendering posts/index.html.haml within layouts/application
  Rendered posts/index.html.haml within layouts/application (20.8ms)
Completed 200 OK in 77ms (Views: 75.6ms | ActiveRecord: 0.0ms)


Started GET "/" for ::1 at 2020-08-09 07:30:39 +0900
Processing by PostsController#index as HTML
  Rendering posts/index.html.haml within layouts/application
  Rendered posts/index.html.haml within layouts/application (41.1ms)
Completed 200 OK in 107ms (Views: 106.2ms | ActiveRecord: 0.0ms)


Started GET "/" for ::1 at 2020-08-09 07:31:28 +0900
Processing by PostsController#index as HTML
  Rendering posts/index.html.haml within layouts/application
  Rendered posts/index.html.haml within layouts/application (23.6ms)
Completed 200 OK in 96ms (Views: 94.8ms | ActiveRecord: 0.0ms)


Started GET "/" for ::1 at 2020-08-09 07:31:29 +0900
Processing by PostsController#index as HTML
  Rendering posts/index.html.haml within layouts/application
  Rendered posts/index.html.haml within layouts/application (17.4ms)
Completed 200 OK in 43ms (Views: 42.0ms | ActiveRecord: 0.0ms)


Started GET "/" for ::1 at 2020-08-09 07:31:43 +0900
Processing by PostsController#index as HTML
  Rendering posts/index.html.haml within layouts/application
  Rendered posts/index.html.haml within layouts/application (18.3ms)
Completed 200 OK in 94ms (Views: 92.4ms | ActiveRecord: 0.0ms)


Started GET "/" for ::1 at 2020-08-09 07:32:23 +0900
Processing by PostsController#index as HTML
  Rendering posts/index.html.haml within layouts/application
  Rendered posts/index.html.haml within layouts/application (18.6ms)
Completed 200 OK in 84ms (Views: 83.0ms | ActiveRecord: 0.0ms)


Started GET "/" for ::1 at 2020-08-09 07:32:33 +0900
Processing by PostsController#index as HTML
  Rendering posts/index.html.haml within layouts/application
  Rendered posts/index.html.haml within layouts/application (21.8ms)
Completed 200 OK in 97ms (Views: 96.3ms | ActiveRecord: 0.0ms)


Started GET "/" for ::1 at 2020-08-09 07:33:34 +0900
Processing by PostsController#index as HTML
  Rendering posts/index.html.haml within layouts/application
  Rendered posts/index.html.haml within layouts/application (18.6ms)
Completed 200 OK in 75ms (Views: 74.0ms | ActiveRecord: 0.0ms)


Started GET "/" for ::1 at 2020-08-09 07:35:02 +0900
Processing by PostsController#index as HTML
  Rendering posts/index.html.haml within layouts/application
  Rendered posts/index.html.haml within layouts/application (28.2ms)
Completed 200 OK in 127ms (Views: 125.7ms | ActiveRecord: 0.0ms)


Started GET "/" for ::1 at 2020-08-09 07:35:12 +0900
Processing by PostsController#index as HTML
  Rendering posts/index.html.haml within layouts/application
  Rendered posts/index.html.haml within layouts/application (21.3ms)
Completed 200 OK in 84ms (Views: 83.0ms | ActiveRecord: 0.0ms)


Started GET "/" for ::1 at 2020-08-09 07:35:34 +0900
Processing by PostsController#index as HTML
  Rendering posts/index.html.haml within layouts/application
  Rendered posts/index.html.haml within layouts/application (26.7ms)
Completed 200 OK in 75ms (Views: 74.4ms | ActiveRecord: 0.0ms)


Started GET "/" for ::1 at 2020-08-09 07:37:44 +0900
Processing by PostsController#index as HTML
  Rendering posts/index.html.haml within layouts/application
  Rendered posts/index.html.haml within layouts/application (23.8ms)
Completed 200 OK in 154ms (Views: 153.3ms | ActiveRecord: 0.0ms)


Started GET "/" for ::1 at 2020-08-09 07:38:47 +0900
Processing by PostsController#index as HTML
  Rendering posts/index.html.haml within layouts/application
  Rendered posts/index.html.haml within layouts/application (18.5ms)
Completed 200 OK in 99ms (Views: 98.1ms | ActiveRecord: 0.0ms)


Started GET "/" for ::1 at 2020-08-09 07:45:55 +0900
Processing by PostsController#index as HTML
  Rendering posts/index.html.haml within layouts/application
  Rendered posts/index.html.haml within layouts/application (129.5ms)
Completed 200 OK in 207ms (Views: 205.8ms | ActiveRecord: 0.0ms)


Started GET "/" for ::1 at 2020-08-09 07:46:32 +0900
Processing by PostsController#index as HTML
  Rendering posts/index.html.haml within layouts/application
  Rendered posts/index.html.haml within layouts/application (43.9ms)
Completed 200 OK in 99ms (Views: 97.9ms | ActiveRecord: 0.0ms)


Started GET "/" for ::1 at 2020-08-09 07:47:37 +0900
Processing by PostsController#index as HTML
  Rendering posts/index.html.haml within layouts/application
  Rendered posts/index.html.haml within layouts/application (19.0ms)
Completed 200 OK in 96ms (Views: 95.1ms | ActiveRecord: 0.0ms)


Started GET "/" for ::1 at 2020-08-09 07:48:34 +0900
Processing by PostsController#index as HTML
  Rendering posts/index.html.haml within layouts/application
  Rendered posts/index.html.haml within layouts/application (27.2ms)
Completed 200 OK in 81ms (Views: 80.1ms | ActiveRecord: 0.0ms)


Started GET "/" for ::1 at 2020-08-09 07:50:59 +0900
Processing by PostsController#index as HTML
  Rendering posts/index.html.haml within layouts/application
  Rendered posts/index.html.haml within layouts/application (26.6ms)
Completed 200 OK in 76ms (Views: 75.3ms | ActiveRecord: 0.0ms)


Started GET "/" for ::1 at 2020-08-09 07:52:13 +0900
Processing by PostsController#index as HTML
  Rendering posts/index.html.haml within layouts/application
  Rendered posts/index.html.haml within layouts/application (30.6ms)
Completed 200 OK in 147ms (Views: 146.2ms | ActiveRecord: 0.0ms)


Started GET "/" for ::1 at 2020-08-09 07:54:45 +0900
Processing by PostsController#index as HTML
  Rendering posts/index.html.haml within layouts/application
  Rendered posts/index.html.haml within layouts/application (33.8ms)
Completed 200 OK in 61ms (Views: 60.1ms | ActiveRecord: 0.0ms)


Started GET "/" for ::1 at 2020-08-09 08:02:37 +0900
Processing by PostsController#index as HTML
  Rendering posts/index.html.haml within layouts/application
  Rendered posts/index.html.haml within layouts/application (35.9ms)
Completed 200 OK in 64ms (Views: 62.6ms | ActiveRecord: 0.0ms)


Started GET "/" for ::1 at 2020-08-09 08:02:39 +0900
Processing by PostsController#index as HTML
  Rendering posts/index.html.haml within layouts/application
  Rendered posts/index.html.haml within layouts/application (28.3ms)
Completed 200 OK in 68ms (Views: 66.9ms | ActiveRecord: 0.0ms)


Started GET "/" for ::1 at 2020-08-09 08:02:44 +0900
Processing by PostsController#index as HTML
  Rendering posts/index.html.haml within layouts/application
  Rendered posts/index.html.haml within layouts/application (36.0ms)
Completed 200 OK in 58ms (Views: 57.1ms | ActiveRecord: 0.0ms)


Started GET "/" for ::1 at 2020-08-09 08:02:45 +0900
Processing by PostsController#index as HTML
  Rendering posts/index.html.haml within layouts/application
  Rendered posts/index.html.haml within layouts/application (36.7ms)
Completed 200 OK in 65ms (Views: 63.0ms | ActiveRecord: 0.0ms)


Started GET "/" for ::1 at 2020-08-09 08:02:46 +0900
Processing by PostsController#index as HTML
  Rendering posts/index.html.haml within layouts/application
  Rendered posts/index.html.haml within layouts/application (43.2ms)
Completed 200 OK in 65ms (Views: 63.7ms | ActiveRecord: 0.0ms)


Started GET "/" for ::1 at 2020-08-09 08:02:55 +0900
Processing by PostsController#index as HTML
  Rendering posts/index.html.haml within layouts/application
  Rendered posts/index.html.haml within layouts/application (22.2ms)
Completed 200 OK in 42ms (Views: 40.3ms | ActiveRecord: 0.0ms)


Started GET "/" for ::1 at 2020-08-09 08:03:10 +0900
Processing by PostsController#index as HTML
  Rendering posts/index.html.haml within layouts/application
  Rendered posts/index.html.haml within layouts/application (59.5ms)
Completed 200 OK in 81ms (Views: 80.1ms | ActiveRecord: 0.0ms)


Started GET "/" for ::1 at 2020-08-09 08:03:12 +0900
Processing by PostsController#index as HTML
  Rendering posts/index.html.haml within layouts/application
  Rendered posts/index.html.haml within layouts/application (34.3ms)
Completed 200 OK in 57ms (Views: 56.4ms | ActiveRecord: 0.0ms)


Started GET "/" for ::1 at 2020-08-09 08:03:13 +0900
Processing by PostsController#index as HTML
  Rendering posts/index.html.haml within layouts/application
  Rendered posts/index.html.haml within layouts/application (40.7ms)
Completed 200 OK in 64ms (Views: 62.4ms | ActiveRecord: 0.0ms)


Started GET "/" for ::1 at 2020-08-09 08:03:14 +0900
Processing by PostsController#index as HTML
  Rendering posts/index.html.haml within layouts/application
  Rendered posts/index.html.haml within layouts/application (45.5ms)
Completed 200 OK in 66ms (Views: 64.7ms | ActiveRecord: 0.0ms)


Started GET "/" for ::1 at 2020-08-09 08:03:17 +0900
Processing by PostsController#index as HTML
  Rendering posts/index.html.haml within layouts/application
  Rendered posts/index.html.haml within layouts/application (52.2ms)
Completed 200 OK in 72ms (Views: 70.4ms | ActiveRecord: 0.0ms)


  [1m[35m (86.8ms)[0m  [1m[35mCREATE TABLE "schema_migrations" ("version" character varying NOT NULL PRIMARY KEY)[0m
  ↳ bin/rails:4
  [1m[35m (21.5ms)[0m  [1m[35mCREATE TABLE "ar_internal_metadata" ("key" character varying NOT NULL PRIMARY KEY, "value" character varying, "created_at" timestamp NOT NULL, "updated_at" timestamp NOT NULL)[0m
  ↳ bin/rails:4
  [1m[35m (7.4ms)[0m  [1m[34mSELECT pg_try_advisory_lock(8290378599176290155)[0m
  ↳ bin/rails:4
  [1m[35m (2.2ms)[0m  [1m[34mSELECT "schema_migrations"."version" FROM "schema_migrations" ORDER BY "schema_migrations"."version" ASC[0m
  ↳ bin/rails:4
Migrating to CreateActiveStorageTables (20200808230921)
  [1m[35m (0.2ms)[0m  [1m[35mBEGIN[0m
  ↳ bin/rails:4
  [1m[35m (31.9ms)[0m  [1m[35mCREATE TABLE "active_storage_blobs" ("id" bigserial primary key, "key" character varying NOT NULL, "filename" character varying NOT NULL, "content_type" character varying, "metadata" text, "byte_size" bigint NOT NULL, "checksum" character varying NOT NULL, "created_at" timestamp NOT NULL)[0m
  ↳ db/migrate/20200808230921_create_active_storage_tables.active_storage.rb:4
  [1m[35m (13.6ms)[0m  [1m[35mCREATE UNIQUE INDEX  "index_active_storage_blobs_on_key" ON "active_storage_blobs"  ("key")[0m
  ↳ db/migrate/20200808230921_create_active_storage_tables.active_storage.rb:4
  [1m[35m (10.5ms)[0m  [1m[35mCREATE TABLE "active_storage_attachments" ("id" bigserial primary key, "name" character varying NOT NULL, "record_type" character varying NOT NULL, "record_id" bigint NOT NULL, "blob_id" bigint NOT NULL, "created_at" timestamp NOT NULL, CONSTRAINT "fk_rails_c3b3935057"
FOREIGN KEY ("blob_id")
  REFERENCES "active_storage_blobs" ("id")
)[0m
  ↳ db/migrate/20200808230921_create_active_storage_tables.active_storage.rb:16
  [1m[35m (1.1ms)[0m  [1m[35mCREATE  INDEX  "index_active_storage_attachments_on_blob_id" ON "active_storage_attachments"  ("blob_id")[0m
  ↳ db/migrate/20200808230921_create_active_storage_tables.active_storage.rb:16
  [1m[35m (1.5ms)[0m  [1m[35mCREATE UNIQUE INDEX  "index_active_storage_attachments_uniqueness" ON "active_storage_attachments"  ("record_type", "record_id", "name", "blob_id")[0m
  ↳ db/migrate/20200808230921_create_active_storage_tables.active_storage.rb:16
  [1m[36mActiveRecord::SchemaMigration Create (1.8ms)[0m  [1m[32mINSERT INTO "schema_migrations" ("version") VALUES ($1) RETURNING "version"[0m  [["version", "20200808230921"]]
  ↳ bin/rails:4
  [1m[35m (0.5ms)[0m  [1m[35mCOMMIT[0m
  ↳ bin/rails:4
Migrating to CreatePosts (20200808234148)
  [1m[35m (12.0ms)[0m  [1m[35mBEGIN[0m
  ↳ bin/rails:4
  [1m[35m (14.4ms)[0m  [1m[35mCREATE TABLE "posts" ("id" bigserial primary key, "video" bytea, "title" character varying, "text" text, "created_at" timestamp NOT NULL, "updated_at" timestamp NOT NULL)[0m
  ↳ db/migrate/20200808234148_create_posts.rb:3
  [1m[36mActiveRecord::SchemaMigration Create (0.3ms)[0m  [1m[32mINSERT INTO "schema_migrations" ("version") VALUES ($1) RETURNING "version"[0m  [["version", "20200808234148"]]
  ↳ bin/rails:4
  [1m[35m (3.0ms)[0m  [1m[35mCOMMIT[0m
  ↳ bin/rails:4
  [1m[36mActiveRecord::InternalMetadata Load (0.4ms)[0m  [1m[34mSELECT  "ar_internal_metadata".* FROM "ar_internal_metadata" WHERE "ar_internal_metadata"."key" = $1 LIMIT $2[0m  [["key", "environment"], ["LIMIT", 1]]
  ↳ bin/rails:4
  [1m[35m (0.2ms)[0m  [1m[35mBEGIN[0m
  ↳ bin/rails:4
  [1m[36mActiveRecord::InternalMetadata Create (1.4ms)[0m  [1m[32mINSERT INTO "ar_internal_metadata" ("key", "value", "created_at", "updated_at") VALUES ($1, $2, $3, $4) RETURNING "key"[0m  [["key", "environment"], ["value", "development"], ["created_at", "2020-08-08 23:52:24.010653"], ["updated_at", "2020-08-08 23:52:24.010653"]]
  ↳ bin/rails:4
  [1m[35m (0.6ms)[0m  [1m[35mCOMMIT[0m
  ↳ bin/rails:4
  [1m[35m (0.3ms)[0m  [1m[34mSELECT pg_advisory_unlock(8290378599176290155)[0m
  ↳ bin/rails:4
  [1m[35m (0.2ms)[0m  [1m[34mSELECT "schema_migrations"."version" FROM "schema_migrations" ORDER BY "schema_migrations"."version" ASC[0m
  ↳ bin/rails:4
Started GET "/" for ::1 at 2020-08-09 08:54:10 +0900
  [1m[35m (0.7ms)[0m  [1m[34mSELECT "schema_migrations"."version" FROM "schema_migrations" ORDER BY "schema_migrations"."version" ASC[0m
  ↳ vendor/bundle/ruby/2.6.0/gems/activerecord-5.2.3/lib/active_record/log_subscriber.rb:98
Processing by PostsController#index as HTML
  Rendering posts/index.html.haml within layouts/application
  Rendered posts/index.html.haml within layouts/application (386.7ms)
Completed 200 OK in 446ms (Views: 440.2ms | ActiveRecord: 0.0ms)


Started GET "/" for ::1 at 2020-08-09 09:18:13 +0900
Processing by PostsController#index as HTML
  Rendering posts/index.html.haml within layouts/application
  Rendered posts/index.html.haml within layouts/application (40.1ms)
Completed 200 OK in 83ms (Views: 68.3ms | ActiveRecord: 0.0ms)


Started GET "/posts/new" for ::1 at 2020-08-09 09:18:23 +0900
Processing by PostsController#new as HTML
  Rendering posts/new.html.haml within layouts/application
  Rendered posts/new.html.haml within layouts/application (3.6ms)
Completed 200 OK in 40ms (Views: 25.0ms | ActiveRecord: 7.3ms)


Started GET "/posts/new" for ::1 at 2020-08-09 09:28:20 +0900
Processing by PostsController#new as HTML
  Rendering posts/new.html.haml within layouts/application
  Rendered posts/new.html.haml within layouts/application (2.3ms)
Completed 200 OK in 77ms (Views: 75.0ms | ActiveRecord: 0.0ms)


Started GET "/posts/new" for ::1 at 2020-08-09 09:29:42 +0900
Processing by PostsController#new as HTML
  Rendering posts/new.html.haml within layouts/application
  Rendered posts/new.html.haml within layouts/application (3.8ms)
Completed 200 OK in 96ms (Views: 94.7ms | ActiveRecord: 0.0ms)


Started GET "/posts/new" for ::1 at 2020-08-09 09:32:27 +0900
Processing by PostsController#new as HTML
  Rendering posts/new.html.haml within layouts/application
  Rendered posts/new.html.haml within layouts/application (2.3ms)
Completed 200 OK in 30ms (Views: 28.4ms | ActiveRecord: 0.0ms)


Started GET "/posts/new" for ::1 at 2020-08-09 09:35:39 +0900
Processing by PostsController#new as HTML
  Rendering posts/new.html.haml within layouts/application
  Rendered posts/new.html.haml within layouts/application (4.0ms)
Completed 200 OK in 34ms (Views: 32.6ms | ActiveRecord: 0.0ms)


Started GET "/posts/new" for ::1 at 2020-08-09 09:39:06 +0900
Processing by PostsController#new as HTML
  Rendering posts/new.html.haml within layouts/application
  Rendered posts/new.html.haml within layouts/application (3.2ms)
Completed 200 OK in 100ms (Views: 98.6ms | ActiveRecord: 0.0ms)


Started GET "/posts/new" for ::1 at 2020-08-09 09:42:36 +0900
Processing by PostsController#new as HTML
  Rendering posts/new.html.haml within layouts/application
  Rendered posts/new.html.haml within layouts/application (6.5ms)
Completed 200 OK in 119ms (Views: 117.0ms | ActiveRecord: 0.0ms)


Started GET "/posts/new" for ::1 at 2020-08-09 09:49:50 +0900
Processing by PostsController#new as HTML
  Rendering posts/new.html.haml within layouts/application
  Rendered posts/new.html.haml within layouts/application (4.8ms)
Completed 200 OK in 141ms (Views: 139.3ms | ActiveRecord: 0.0ms)


Started GET "/posts/new" for ::1 at 2020-08-09 09:55:52 +0900
Processing by PostsController#new as HTML
  Rendering posts/new.html.haml within layouts/application
  Rendered posts/new.html.haml within layouts/application (3.4ms)
Completed 200 OK in 91ms (Views: 90.0ms | ActiveRecord: 0.0ms)


Started GET "/posts/new" for ::1 at 2020-08-09 09:57:43 +0900
Processing by PostsController#new as HTML
  Rendering posts/new.html.haml within layouts/application
  Rendered posts/new.html.haml within layouts/application (5.0ms)
Completed 200 OK in 104ms (Views: 102.7ms | ActiveRecord: 0.0ms)


Started GET "/" for ::1 at 2020-08-09 12:04:12 +0900
  [1m[35m (3.7ms)[0m  [1m[34mSELECT "schema_migrations"."version" FROM "schema_migrations" ORDER BY "schema_migrations"."version" ASC[0m
  ↳ vendor/bundle/ruby/2.6.0/gems/activerecord-5.2.3/lib/active_record/log_subscriber.rb:98
Processing by PostsController#index as HTML
  Rendering posts/index.html.haml within layouts/application
  Rendered posts/index.html.haml within layouts/application (364.8ms)
Completed 200 OK in 428ms (Views: 414.4ms | ActiveRecord: 0.0ms)


Started GET "/posts/new" for ::1 at 2020-08-09 12:04:23 +0900
Processing by PostsController#new as HTML
  Rendering posts/new.html.haml within layouts/application
  Rendered posts/new.html.haml within layouts/application (15.5ms)
Completed 200 OK in 67ms (Views: 66.1ms | ActiveRecord: 0.0ms)


Started POST "/posts/new" for ::1 at 2020-08-09 12:04:47 +0900
  
ActionController::RoutingError (No route matches [POST] "/posts/new"):
  
vendor/bundle/ruby/2.6.0/gems/actionpack-5.2.3/lib/action_dispatch/middleware/debug_exceptions.rb:65:in `call'
vendor/bundle/ruby/2.6.0/gems/web-console-3.7.0/lib/web_console/middleware.rb:135:in `call_app'
vendor/bundle/ruby/2.6.0/gems/web-console-3.7.0/lib/web_console/middleware.rb:30:in `block in call'
vendor/bundle/ruby/2.6.0/gems/web-console-3.7.0/lib/web_console/middleware.rb:20:in `catch'
vendor/bundle/ruby/2.6.0/gems/web-console-3.7.0/lib/web_console/middleware.rb:20:in `call'
vendor/bundle/ruby/2.6.0/gems/actionpack-5.2.3/lib/action_dispatch/middleware/show_exceptions.rb:33:in `call'
vendor/bundle/ruby/2.6.0/gems/railties-5.2.3/lib/rails/rack/logger.rb:38:in `call_app'
vendor/bundle/ruby/2.6.0/gems/railties-5.2.3/lib/rails/rack/logger.rb:26:in `block in call'
vendor/bundle/ruby/2.6.0/gems/activesupport-5.2.3/lib/active_support/tagged_logging.rb:71:in `block in tagged'
vendor/bundle/ruby/2.6.0/gems/activesupport-5.2.3/lib/active_support/tagged_logging.rb:28:in `tagged'
vendor/bundle/ruby/2.6.0/gems/activesupport-5.2.3/lib/active_support/tagged_logging.rb:71:in `tagged'
vendor/bundle/ruby/2.6.0/gems/railties-5.2.3/lib/rails/rack/logger.rb:26:in `call'
vendor/bundle/ruby/2.6.0/gems/sprockets-rails-3.2.1/lib/sprockets/rails/quiet_assets.rb:13:in `call'
vendor/bundle/ruby/2.6.0/gems/actionpack-5.2.3/lib/action_dispatch/middleware/remote_ip.rb:81:in `call'
vendor/bundle/ruby/2.6.0/gems/actionpack-5.2.3/lib/action_dispatch/middleware/request_id.rb:27:in `call'
vendor/bundle/ruby/2.6.0/gems/rack-2.2.3/lib/rack/method_override.rb:24:in `call'
vendor/bundle/ruby/2.6.0/gems/rack-2.2.3/lib/rack/runtime.rb:22:in `call'
vendor/bundle/ruby/2.6.0/gems/activesupport-5.2.3/lib/active_support/cache/strategy/local_cache_middleware.rb:29:in `call'
vendor/bundle/ruby/2.6.0/gems/actionpack-5.2.3/lib/action_dispatch/middleware/executor.rb:14:in `call'
vendor/bundle/ruby/2.6.0/gems/actionpack-5.2.3/lib/action_dispatch/middleware/static.rb:127:in `call'
vendor/bundle/ruby/2.6.0/gems/rack-2.2.3/lib/rack/sendfile.rb:110:in `call'
vendor/bundle/ruby/2.6.0/gems/railties-5.2.3/lib/rails/engine.rb:524:in `call'
vendor/bundle/ruby/2.6.0/gems/puma-3.12.6/lib/puma/configuration.rb:227:in `call'
vendor/bundle/ruby/2.6.0/gems/puma-3.12.6/lib/puma/server.rb:706:in `handle_request'
vendor/bundle/ruby/2.6.0/gems/puma-3.12.6/lib/puma/server.rb:476:in `process_client'
vendor/bundle/ruby/2.6.0/gems/puma-3.12.6/lib/puma/server.rb:334:in `block in run'
vendor/bundle/ruby/2.6.0/gems/puma-3.12.6/lib/puma/thread_pool.rb:135:in `block in spawn_thread'
Started POST "/posts/new" for ::1 at 2020-08-09 12:06:29 +0900
  
ActionController::RoutingError (No route matches [POST] "/posts/new"):
  
vendor/bundle/ruby/2.6.0/gems/actionpack-5.2.3/lib/action_dispatch/middleware/debug_exceptions.rb:65:in `call'
vendor/bundle/ruby/2.6.0/gems/web-console-3.7.0/lib/web_console/middleware.rb:135:in `call_app'
vendor/bundle/ruby/2.6.0/gems/web-console-3.7.0/lib/web_console/middleware.rb:30:in `block in call'
vendor/bundle/ruby/2.6.0/gems/web-console-3.7.0/lib/web_console/middleware.rb:20:in `catch'
vendor/bundle/ruby/2.6.0/gems/web-console-3.7.0/lib/web_console/middleware.rb:20:in `call'
vendor/bundle/ruby/2.6.0/gems/actionpack-5.2.3/lib/action_dispatch/middleware/show_exceptions.rb:33:in `call'
vendor/bundle/ruby/2.6.0/gems/railties-5.2.3/lib/rails/rack/logger.rb:38:in `call_app'
vendor/bundle/ruby/2.6.0/gems/railties-5.2.3/lib/rails/rack/logger.rb:26:in `block in call'
vendor/bundle/ruby/2.6.0/gems/activesupport-5.2.3/lib/active_support/tagged_logging.rb:71:in `block in tagged'
vendor/bundle/ruby/2.6.0/gems/activesupport-5.2.3/lib/active_support/tagged_logging.rb:28:in `tagged'
vendor/bundle/ruby/2.6.0/gems/activesupport-5.2.3/lib/active_support/tagged_logging.rb:71:in `tagged'
vendor/bundle/ruby/2.6.0/gems/railties-5.2.3/lib/rails/rack/logger.rb:26:in `call'
vendor/bundle/ruby/2.6.0/gems/sprockets-rails-3.2.1/lib/sprockets/rails/quiet_assets.rb:13:in `call'
vendor/bundle/ruby/2.6.0/gems/actionpack-5.2.3/lib/action_dispatch/middleware/remote_ip.rb:81:in `call'
vendor/bundle/ruby/2.6.0/gems/actionpack-5.2.3/lib/action_dispatch/middleware/request_id.rb:27:in `call'
vendor/bundle/ruby/2.6.0/gems/rack-2.2.3/lib/rack/method_override.rb:24:in `call'
vendor/bundle/ruby/2.6.0/gems/rack-2.2.3/lib/rack/runtime.rb:22:in `call'
vendor/bundle/ruby/2.6.0/gems/activesupport-5.2.3/lib/active_support/cache/strategy/local_cache_middleware.rb:29:in `call'
vendor/bundle/ruby/2.6.0/gems/actionpack-5.2.3/lib/action_dispatch/middleware/executor.rb:14:in `call'
vendor/bundle/ruby/2.6.0/gems/actionpack-5.2.3/lib/action_dispatch/middleware/static.rb:127:in `call'
vendor/bundle/ruby/2.6.0/gems/rack-2.2.3/lib/rack/sendfile.rb:110:in `call'
vendor/bundle/ruby/2.6.0/gems/railties-5.2.3/lib/rails/engine.rb:524:in `call'
vendor/bundle/ruby/2.6.0/gems/puma-3.12.6/lib/puma/configuration.rb:227:in `call'
vendor/bundle/ruby/2.6.0/gems/puma-3.12.6/lib/puma/server.rb:706:in `handle_request'
vendor/bundle/ruby/2.6.0/gems/puma-3.12.6/lib/puma/server.rb:476:in `process_client'
vendor/bundle/ruby/2.6.0/gems/puma-3.12.6/lib/puma/server.rb:334:in `block in run'
vendor/bundle/ruby/2.6.0/gems/puma-3.12.6/lib/puma/thread_pool.rb:135:in `block in spawn_thread'
Started POST "/posts/new" for ::1 at 2020-08-09 12:06:35 +0900
  
ActionController::RoutingError (No route matches [POST] "/posts/new"):
  
vendor/bundle/ruby/2.6.0/gems/actionpack-5.2.3/lib/action_dispatch/middleware/debug_exceptions.rb:65:in `call'
vendor/bundle/ruby/2.6.0/gems/web-console-3.7.0/lib/web_console/middleware.rb:135:in `call_app'
vendor/bundle/ruby/2.6.0/gems/web-console-3.7.0/lib/web_console/middleware.rb:30:in `block in call'
vendor/bundle/ruby/2.6.0/gems/web-console-3.7.0/lib/web_console/middleware.rb:20:in `catch'
vendor/bundle/ruby/2.6.0/gems/web-console-3.7.0/lib/web_console/middleware.rb:20:in `call'
vendor/bundle/ruby/2.6.0/gems/actionpack-5.2.3/lib/action_dispatch/middleware/show_exceptions.rb:33:in `call'
vendor/bundle/ruby/2.6.0/gems/railties-5.2.3/lib/rails/rack/logger.rb:38:in `call_app'
vendor/bundle/ruby/2.6.0/gems/railties-5.2.3/lib/rails/rack/logger.rb:26:in `block in call'
vendor/bundle/ruby/2.6.0/gems/activesupport-5.2.3/lib/active_support/tagged_logging.rb:71:in `block in tagged'
vendor/bundle/ruby/2.6.0/gems/activesupport-5.2.3/lib/active_support/tagged_logging.rb:28:in `tagged'
vendor/bundle/ruby/2.6.0/gems/activesupport-5.2.3/lib/active_support/tagged_logging.rb:71:in `tagged'
vendor/bundle/ruby/2.6.0/gems/railties-5.2.3/lib/rails/rack/logger.rb:26:in `call'
vendor/bundle/ruby/2.6.0/gems/sprockets-rails-3.2.1/lib/sprockets/rails/quiet_assets.rb:13:in `call'
vendor/bundle/ruby/2.6.0/gems/actionpack-5.2.3/lib/action_dispatch/middleware/remote_ip.rb:81:in `call'
vendor/bundle/ruby/2.6.0/gems/actionpack-5.2.3/lib/action_dispatch/middleware/request_id.rb:27:in `call'
vendor/bundle/ruby/2.6.0/gems/rack-2.2.3/lib/rack/method_override.rb:24:in `call'
vendor/bundle/ruby/2.6.0/gems/rack-2.2.3/lib/rack/runtime.rb:22:in `call'
vendor/bundle/ruby/2.6.0/gems/activesupport-5.2.3/lib/active_support/cache/strategy/local_cache_middleware.rb:29:in `call'
vendor/bundle/ruby/2.6.0/gems/actionpack-5.2.3/lib/action_dispatch/middleware/executor.rb:14:in `call'
vendor/bundle/ruby/2.6.0/gems/actionpack-5.2.3/lib/action_dispatch/middleware/static.rb:127:in `call'
vendor/bundle/ruby/2.6.0/gems/rack-2.2.3/lib/rack/sendfile.rb:110:in `call'
vendor/bundle/ruby/2.6.0/gems/railties-5.2.3/lib/rails/engine.rb:524:in `call'
vendor/bundle/ruby/2.6.0/gems/puma-3.12.6/lib/puma/configuration.rb:227:in `call'
vendor/bundle/ruby/2.6.0/gems/puma-3.12.6/lib/puma/server.rb:706:in `handle_request'
vendor/bundle/ruby/2.6.0/gems/puma-3.12.6/lib/puma/server.rb:476:in `process_client'
vendor/bundle/ruby/2.6.0/gems/puma-3.12.6/lib/puma/server.rb:334:in `block in run'
vendor/bundle/ruby/2.6.0/gems/puma-3.12.6/lib/puma/thread_pool.rb:135:in `block in spawn_thread'
Started GET "/" for ::1 at 2020-08-09 12:06:53 +0900
  [1m[35m (0.5ms)[0m  [1m[34mSELECT "schema_migrations"."version" FROM "schema_migrations" ORDER BY "schema_migrations"."version" ASC[0m
  ↳ vendor/bundle/ruby/2.6.0/gems/activerecord-5.2.3/lib/active_record/log_subscriber.rb:98
Processing by PostsController#index as HTML
  Rendering posts/index.html.haml within layouts/application
  Rendered posts/index.html.haml within layouts/application (292.2ms)
Completed 200 OK in 357ms (Views: 342.7ms | ActiveRecord: 0.0ms)


Started GET "/posts/new" for ::1 at 2020-08-09 12:07:08 +0900
Processing by PostsController#new as HTML
  Rendering posts/new.html.haml within layouts/application
  Rendered posts/new.html.haml within layouts/application (3.8ms)
Completed 200 OK in 61ms (Views: 19.4ms | ActiveRecord: 35.4ms)


Started POST "/posts" for ::1 at 2020-08-09 12:07:29 +0900
Processing by PostsController#create as HTML
  Parameters: {"utf8"=>"✓", "authenticity_token"=>"C31BmGiP3dsEfcYrcD3wJLsjXYIBfoeaKy9SQBnWlw4aO/jziGkJqDoG6WVHej1CzAAZ3tD0TeXz6oZGyH52hg==", "post"=>{"video"=>#<ActionDispatch::Http::UploadedFile:0x00007f9bdcd49d18 @tempfile=#<Tempfile:/var/folders/zk/v75d82qx2pbbnf7lmgynh_d00000gn/T/RackMultipart20200809-1925-c3inzb.mov>, @original_filename="画面収録 2020-08-09 11.43.43.mov", @content_type="video/quicktime", @headers="Content-Disposition: form-data; name=\"post[video]\"; filename=\"\xE7\x94\xBB\xE9\x9D\xA2\xE5\x8F\x8E\xE9\x8C\xB2 2020-08-09 11.43.43.mov\"\r\nContent-Type: video/quicktime\r\n">, "title"=>"本日も晴天なり", "text"=>"テスト"}, "commit"=>"SEND"}
[36m  Disk Storage (46.3ms) [0m[32mUploaded file to key: N4zKzWMaEPQXAUgYXgeQWt6y (checksum: 8W48NYdxrybvb19cvJMEtg==)[0m
  [1m[35m (0.2ms)[0m  [1m[35mBEGIN[0m
  ↳ app/controllers/posts_controller.rb:12
  [1m[36mActiveStorage::Blob Create (3.9ms)[0m  [1m[32mINSERT INTO "active_storage_blobs" ("key", "filename", "content_type", "metadata", "byte_size", "checksum", "created_at") VALUES ($1, $2, $3, $4, $5, $6, $7) RETURNING "id"[0m  [["key", "N4zKzWMaEPQXAUgYXgeQWt6y"], ["filename", "画面収録 2020-08-09 11.43.43.mov"], ["content_type", "video/quicktime"], ["metadata", "{\"identified\":true}"], ["byte_size", 11012530], ["checksum", "8W48NYdxrybvb19cvJMEtg=="], ["created_at", "2020-08-09 03:07:30.053406"]]
  ↳ app/controllers/posts_controller.rb:12
  [1m[35m (0.6ms)[0m  [1m[35mCOMMIT[0m
  ↳ app/controllers/posts_controller.rb:12
  [1m[35m (0.1ms)[0m  [1m[35mBEGIN[0m
  ↳ app/controllers/posts_controller.rb:12
  [1m[35m (0.2ms)[0m  [1m[35mCOMMIT[0m
  ↳ app/controllers/posts_controller.rb:12
  [1m[35m (0.1ms)[0m  [1m[35mBEGIN[0m
  ↳ app/controllers/posts_controller.rb:12
  [1m[36mPost Create (7.6ms)[0m  [1m[32mINSERT INTO "posts" ("title", "text", "created_at", "updated_at") VALUES ($1, $2, $3, $4) RETURNING "id"[0m  [["title", "本日も晴天なり"], ["text", "テスト"], ["created_at", "2020-08-09 03:07:30.084898"], ["updated_at", "2020-08-09 03:07:30.084898"]]
  ↳ app/controllers/posts_controller.rb:12
  [1m[36mActiveStorage::Attachment Create (15.9ms)[0m  [1m[32mINSERT INTO "active_storage_attachments" ("name", "record_type", "record_id", "blob_id", "created_at") VALUES ($1, $2, $3, $4, $5) RETURNING "id"[0m  [["name", "video"], ["record_type", "Post"], ["record_id", 1], ["blob_id", 1], ["created_at", "2020-08-09 03:07:30.094589"]]
  ↳ app/controllers/posts_controller.rb:12
  [1m[36mPost Update (0.6ms)[0m  [1m[33mUPDATE "posts" SET "updated_at" = $1 WHERE "posts"."id" = $2[0m  [["updated_at", "2020-08-09 03:07:30.112203"], ["id", 1]]
  ↳ app/controllers/posts_controller.rb:12
  [1m[35m (6.1ms)[0m  [1m[35mCOMMIT[0m
  ↳ app/controllers/posts_controller.rb:12
[ActiveJob] Enqueued ActiveStorage::AnalyzeJob (Job ID: e324ffa6-dc08-4762-a8e0-3cb5f03c37ea) to Async(default) with arguments: #<GlobalID:0x00007f9be15d3a48 @uri=#<URI::GID gid://simpree/ActiveStorage::Blob/1>>
Redirected to http://localhost:3000/posts/1
Completed 302 Found in 322ms (ActiveRecord: 55.4ms)


Started GET "/posts/1" for ::1 at 2020-08-09 12:07:30 +0900
Processing by PostsController#show as HTML
  Parameters: {"id"=>"1"}
  [1m[36mPost Load (0.4ms)[0m  [1m[34mSELECT  "posts".* FROM "posts" WHERE "posts"."id" = $1 LIMIT $2[0m  [["id", 1], ["LIMIT", 1]]
  ↳ app/controllers/posts_controller.rb:17
  Rendering posts/show.html.haml within layouts/application
  [1m[36mActiveStorage::Blob Load (2.2ms)[0m  [1m[34mSELECT  "active_storage_blobs".* FROM "active_storage_blobs" WHERE "active_storage_blobs"."id" = $1 LIMIT $2[0m  [["id", 1], ["LIMIT", 1]]
  ↳ vendor/bundle/ruby/2.6.0/gems/activerecord-5.2.3/lib/active_record/log_subscriber.rb:98
[ActiveJob] [ActiveStorage::AnalyzeJob] [e324ffa6-dc08-4762-a8e0-3cb5f03c37ea] Performing ActiveStorage::AnalyzeJob (Job ID: e324ffa6-dc08-4762-a8e0-3cb5f03c37ea) from Async(default) with arguments: #<GlobalID:0x00007f9be15f5dc8 @uri=#<URI::GID gid://simpree/ActiveStorage::Blob/1>>
  [1m[36mActiveStorage::Attachment Load (15.5ms)[0m  [1m[34mSELECT  "active_storage_attachments".* FROM "active_storage_attachments" WHERE "active_storage_attachments"."record_id" = $1 AND "active_storage_attachments"."record_type" = $2 AND "active_storage_attachments"."name" = $3 LIMIT $4[0m  [["record_id", 1], ["record_type", "Post"], ["name", "video"], ["LIMIT", 1]]
  ↳ app/views/posts/show.html.haml:1
  [1m[36mActiveStorage::Blob Load (0.3ms)[0m  [1m[34mSELECT  "active_storage_blobs".* FROM "active_storage_blobs" WHERE "active_storage_blobs"."id" = $1 LIMIT $2[0m  [["id", 1], ["LIMIT", 1]]
  ↳ app/views/posts/show.html.haml:1
  Rendered posts/show.html.haml within layouts/application (29.7ms)
[ActiveJob] [ActiveStorage::AnalyzeJob] [e324ffa6-dc08-4762-a8e0-3cb5f03c37ea] [36m  Disk Storage (16.2ms) [0m[34mDownloaded file from key: N4zKzWMaEPQXAUgYXgeQWt6y[0m
[ActiveJob] [ActiveStorage::AnalyzeJob] [e324ffa6-dc08-4762-a8e0-3cb5f03c37ea] Skipping video analysis because ffmpeg isn't installed
[ActiveJob] [ActiveStorage::AnalyzeJob] [e324ffa6-dc08-4762-a8e0-3cb5f03c37ea]   [1m[35m (0.6ms)[0m  [1m[35mBEGIN[0m
[ActiveJob] [ActiveStorage::AnalyzeJob] [e324ffa6-dc08-4762-a8e0-3cb5f03c37ea]   ↳ vendor/bundle/ruby/2.6.0/gems/activerecord-5.2.3/lib/active_record/log_subscriber.rb:98
[ActiveJob] [ActiveStorage::AnalyzeJob] [e324ffa6-dc08-4762-a8e0-3cb5f03c37ea]   [1m[36mActiveStorage::Blob Update (0.7ms)[0m  [1m[33mUPDATE "active_storage_blobs" SET "metadata" = $1 WHERE "active_storage_blobs"."id" = $2[0m  [["metadata", "{\"identified\":true,\"analyzed\":true}"], ["id", 1]]
[ActiveJob] [ActiveStorage::AnalyzeJob] [e324ffa6-dc08-4762-a8e0-3cb5f03c37ea]   ↳ vendor/bundle/ruby/2.6.0/gems/activerecord-5.2.3/lib/active_record/log_subscriber.rb:98
[ActiveJob] [ActiveStorage::AnalyzeJob] [e324ffa6-dc08-4762-a8e0-3cb5f03c37ea]   [1m[35m (1.1ms)[0m  [1m[35mCOMMIT[0m
[ActiveJob] [ActiveStorage::AnalyzeJob] [e324ffa6-dc08-4762-a8e0-3cb5f03c37ea]   ↳ vendor/bundle/ruby/2.6.0/gems/activerecord-5.2.3/lib/active_record/log_subscriber.rb:98
[ActiveJob] [ActiveStorage::AnalyzeJob] [e324ffa6-dc08-4762-a8e0-3cb5f03c37ea] Performed ActiveStorage::AnalyzeJob (Job ID: e324ffa6-dc08-4762-a8e0-3cb5f03c37ea) from Async(default) in 47.19ms
Completed 200 OK in 71ms (Views: 49.1ms | ActiveRecord: 16.5ms)


Started GET "/rails/active_storage/blobs/eyJfcmFpbHMiOnsibWVzc2FnZSI6IkJBaHBCZz09IiwiZXhwIjpudWxsLCJwdXIiOiJibG9iX2lkIn19--9facc38c55eb02d78e93a8fa8a38a1af835da27a/%E7%94%BB%E9%9D%A2%E5%8F%8E%E9%8C%B2%202020-08-09%2011.43.43.mov" for ::1 at 2020-08-09 12:07:30 +0900
Processing by ActiveStorage::BlobsController#show as 
  Parameters: {"signed_id"=>"eyJfcmFpbHMiOnsibWVzc2FnZSI6IkJBaHBCZz09IiwiZXhwIjpudWxsLCJwdXIiOiJibG9iX2lkIn19--9facc38c55eb02d78e93a8fa8a38a1af835da27a", "filename"=>"画面収録 2020-08-09 11.43.43"}
  [1m[36mActiveStorage::Blob Load (0.3ms)[0m  [1m[34mSELECT  "active_storage_blobs".* FROM "active_storage_blobs" WHERE "active_storage_blobs"."id" = $1 LIMIT $2[0m  [["id", 1], ["LIMIT", 1]]
  ↳ vendor/bundle/ruby/2.6.0/gems/activerecord-5.2.3/lib/active_record/log_subscriber.rb:98
[36m  Disk Storage (1.1ms) [0m[34mGenerated URL for file at key: N4zKzWMaEPQXAUgYXgeQWt6y (http://localhost:3000/rails/active_storage/disk/eyJfcmFpbHMiOnsibWVzc2FnZSI6IkJBaDdDRG9JYTJWNVNTSWRUalI2UzNwWFRXRkZVRkZZUVZWbldWaG5aVkZYZERaNUJqb0dSVlE2RUdScGMzQnZjMmwwYVc5dVNTSUJqbUYwZEdGamFHMWxiblE3SUdacGJHVnVZVzFsUFNJbE0wWWxNMFlsTTBZbE0wWWdNakF5TUMwd09DMHdPU0F4TVM0ME15NDBNeTV0YjNZaU95Qm1hV3hsYm1GdFpTbzlWVlJHTFRnbkp5VkZOeVU1TkNWQ1FpVkZPU1U1UkNWQk1pVkZOU1U0UmlVNFJTVkZPU1U0UXlWQ01pVXlNREl3TWpBdE1EZ3RNRGtsTWpBeE1TNDBNeTQwTXk1dGIzWUdPd1pHT2hGamIyNTBaVzUwWDNSNWNHVkpJaFIyYVdSbGJ5OXhkV2xqYTNScGJXVUdPd1pVIiwiZXhwIjoiMjAyMC0wOC0wOVQwMzoxMjozMC4zMzJaIiwicHVyIjoiYmxvYl9rZXkifX0=--999fa672f2f7bdc03d2aa0b14257fc680caa2e90/%E7%94%BB%E9%9D%A2%E5%8F%8E%E9%8C%B2%202020-08-09%2011.43.43.mov?content_type=video%2Fquicktime&disposition=attachment%3B+filename%3D%22%253F%253F%253F%253F+2020-08-09+11.43.43.mov%22%3B+filename%2A%3DUTF-8%27%27%25E7%2594%25BB%25E9%259D%25A2%25E5%258F%258E%25E9%258C%25B2%25202020-08-09%252011.43.43.mov)[0m
Redirected to http://localhost:3000/rails/active_storage/disk/eyJfcmFpbHMiOnsibWVzc2FnZSI6IkJBaDdDRG9JYTJWNVNTSWRUalI2UzNwWFRXRkZVRkZZUVZWbldWaG5aVkZYZERaNUJqb0dSVlE2RUdScGMzQnZjMmwwYVc5dVNTSUJqbUYwZEdGamFHMWxiblE3SUdacGJHVnVZVzFsUFNJbE0wWWxNMFlsTTBZbE0wWWdNakF5TUMwd09DMHdPU0F4TVM0ME15NDBNeTV0YjNZaU95Qm1hV3hsYm1GdFpTbzlWVlJHTFRnbkp5VkZOeVU1TkNWQ1FpVkZPU1U1UkNWQk1pVkZOU1U0UmlVNFJTVkZPU1U0UXlWQ01pVXlNREl3TWpBdE1EZ3RNRGtsTWpBeE1TNDBNeTQwTXk1dGIzWUdPd1pHT2hGamIyNTBaVzUwWDNSNWNHVkpJaFIyYVdSbGJ5OXhkV2xqYTNScGJXVUdPd1pVIiwiZXhwIjoiMjAyMC0wOC0wOVQwMzoxMjozMC4zMzJaIiwicHVyIjoiYmxvYl9rZXkifX0=--999fa672f2f7bdc03d2aa0b14257fc680caa2e90/%E7%94%BB%E9%9D%A2%E5%8F%8E%E9%8C%B2%202020-08-09%2011.43.43.mov?content_type=video%2Fquicktime&disposition=attachment%3B+filename%3D%22%253F%253F%253F%253F+2020-08-09+11.43.43.mov%22%3B+filename%2A%3DUTF-8%27%27%25E7%2594%25BB%25E9%259D%25A2%25E5%258F%258E%25E9%258C%25B2%25202020-08-09%252011.43.43.mov
Completed 302 Found in 5ms (ActiveRecord: 0.3ms)


Started GET "/rails/active_storage/disk/eyJfcmFpbHMiOnsibWVzc2FnZSI6IkJBaDdDRG9JYTJWNVNTSWRUalI2UzNwWFRXRkZVRkZZUVZWbldWaG5aVkZYZERaNUJqb0dSVlE2RUdScGMzQnZjMmwwYVc5dVNTSUJqbUYwZEdGamFHMWxiblE3SUdacGJHVnVZVzFsUFNJbE0wWWxNMFlsTTBZbE0wWWdNakF5TUMwd09DMHdPU0F4TVM0ME15NDBNeTV0YjNZaU95Qm1hV3hsYm1GdFpTbzlWVlJHTFRnbkp5VkZOeVU1TkNWQ1FpVkZPU1U1UkNWQk1pVkZOU1U0UmlVNFJTVkZPU1U0UXlWQ01pVXlNREl3TWpBdE1EZ3RNRGtsTWpBeE1TNDBNeTQwTXk1dGIzWUdPd1pHT2hGamIyNTBaVzUwWDNSNWNHVkpJaFIyYVdSbGJ5OXhkV2xqYTNScGJXVUdPd1pVIiwiZXhwIjoiMjAyMC0wOC0wOVQwMzoxMjozMC4zMzJaIiwicHVyIjoiYmxvYl9rZXkifX0=--999fa672f2f7bdc03d2aa0b14257fc680caa2e90/%E7%94%BB%E9%9D%A2%E5%8F%8E%E9%8C%B2%202020-08-09%2011.43.43.mov?content_type=video%2Fquicktime&disposition=attachment%3B+filename%3D%22%253F%253F%253F%253F+2020-08-09+11.43.43.mov%22%3B+filename%2A%3DUTF-8%27%27%25E7%2594%25BB%25E9%259D%25A2%25E5%258F%258E%25E9%258C%25B2%25202020-08-09%252011.43.43.mov" for ::1 at 2020-08-09 12:07:30 +0900
Processing by ActiveStorage::DiskController#show as 
  Parameters: {"content_type"=>"video/quicktime", "disposition"=>"attachment; filename=\"%3F%3F%3F%3F 2020-08-09 11.43.43.mov\"; filename*=UTF-8''%E7%94%BB%E9%9D%A2%E5%8F%8E%E9%8C%B2%202020-08-09%2011.43.43.mov", "encoded_key"=>"eyJfcmFpbHMiOnsibWVzc2FnZSI6IkJBaDdDRG9JYTJWNVNTSWRUalI2UzNwWFRXRkZVRkZZUVZWbldWaG5aVkZYZERaNUJqb0dSVlE2RUdScGMzQnZjMmwwYVc5dVNTSUJqbUYwZEdGamFHMWxiblE3SUdacGJHVnVZVzFsUFNJbE0wWWxNMFlsTTBZbE0wWWdNakF5TUMwd09DMHdPU0F4TVM0ME15NDBNeTV0YjNZaU95Qm1hV3hsYm1GdFpTbzlWVlJHTFRnbkp5VkZOeVU1TkNWQ1FpVkZPU1U1UkNWQk1pVkZOU1U0UmlVNFJTVkZPU1U0UXlWQ01pVXlNREl3TWpBdE1EZ3RNRGtsTWpBeE1TNDBNeTQwTXk1dGIzWUdPd1pHT2hGamIyNTBaVzUwWDNSNWNHVkpJaFIyYVdSbGJ5OXhkV2xqYTNScGJXVUdPd1pVIiwiZXhwIjoiMjAyMC0wOC0wOVQwMzoxMjozMC4zMzJaIiwicHVyIjoiYmxvYl9rZXkifX0=--999fa672f2f7bdc03d2aa0b14257fc680caa2e90", "filename"=>"画面収録 2020-08-09 11.43.43"}
Completed 200 OK in 2ms (ActiveRecord: 0.0ms)


Started GET "/rails/active_storage/blobs/eyJfcmFpbHMiOnsibWVzc2FnZSI6IkJBaHBCZz09IiwiZXhwIjpudWxsLCJwdXIiOiJibG9iX2lkIn19--9facc38c55eb02d78e93a8fa8a38a1af835da27a/%E7%94%BB%E9%9D%A2%E5%8F%8E%E9%8C%B2%202020-08-09%2011.43.43.mov" for ::1 at 2020-08-09 12:07:39 +0900
Processing by ActiveStorage::BlobsController#show as 
  Parameters: {"signed_id"=>"eyJfcmFpbHMiOnsibWVzc2FnZSI6IkJBaHBCZz09IiwiZXhwIjpudWxsLCJwdXIiOiJibG9iX2lkIn19--9facc38c55eb02d78e93a8fa8a38a1af835da27a", "filename"=>"画面収録 2020-08-09 11.43.43"}
  [1m[36mActiveStorage::Blob Load (0.3ms)[0m  [1m[34mSELECT  "active_storage_blobs".* FROM "active_storage_blobs" WHERE "active_storage_blobs"."id" = $1 LIMIT $2[0m  [["id", 1], ["LIMIT", 1]]
  ↳ vendor/bundle/ruby/2.6.0/gems/activerecord-5.2.3/lib/active_record/log_subscriber.rb:98
[36m  Disk Storage (0.5ms) [0m[34mGenerated URL for file at key: N4zKzWMaEPQXAUgYXgeQWt6y (http://localhost:3000/rails/active_storage/disk/eyJfcmFpbHMiOnsibWVzc2FnZSI6IkJBaDdDRG9JYTJWNVNTSWRUalI2UzNwWFRXRkZVRkZZUVZWbldWaG5aVkZYZERaNUJqb0dSVlE2RUdScGMzQnZjMmwwYVc5dVNTSUJqbUYwZEdGamFHMWxiblE3SUdacGJHVnVZVzFsUFNJbE0wWWxNMFlsTTBZbE0wWWdNakF5TUMwd09DMHdPU0F4TVM0ME15NDBNeTV0YjNZaU95Qm1hV3hsYm1GdFpTbzlWVlJHTFRnbkp5VkZOeVU1TkNWQ1FpVkZPU1U1UkNWQk1pVkZOU1U0UmlVNFJTVkZPU1U0UXlWQ01pVXlNREl3TWpBdE1EZ3RNRGtsTWpBeE1TNDBNeTQwTXk1dGIzWUdPd1pHT2hGamIyNTBaVzUwWDNSNWNHVkpJaFIyYVdSbGJ5OXhkV2xqYTNScGJXVUdPd1pVIiwiZXhwIjoiMjAyMC0wOC0wOVQwMzoxMjozOS4zNDBaIiwicHVyIjoiYmxvYl9rZXkifX0=--ed5a74c7f4694db440dc433e70a4867ee04f06fe/%E7%94%BB%E9%9D%A2%E5%8F%8E%E9%8C%B2%202020-08-09%2011.43.43.mov?content_type=video%2Fquicktime&disposition=attachment%3B+filename%3D%22%253F%253F%253F%253F+2020-08-09+11.43.43.mov%22%3B+filename%2A%3DUTF-8%27%27%25E7%2594%25BB%25E9%259D%25A2%25E5%258F%258E%25E9%258C%25B2%25202020-08-09%252011.43.43.mov)[0m
Redirected to http://localhost:3000/rails/active_storage/disk/eyJfcmFpbHMiOnsibWVzc2FnZSI6IkJBaDdDRG9JYTJWNVNTSWRUalI2UzNwWFRXRkZVRkZZUVZWbldWaG5aVkZYZERaNUJqb0dSVlE2RUdScGMzQnZjMmwwYVc5dVNTSUJqbUYwZEdGamFHMWxiblE3SUdacGJHVnVZVzFsUFNJbE0wWWxNMFlsTTBZbE0wWWdNakF5TUMwd09DMHdPU0F4TVM0ME15NDBNeTV0YjNZaU95Qm1hV3hsYm1GdFpTbzlWVlJHTFRnbkp5VkZOeVU1TkNWQ1FpVkZPU1U1UkNWQk1pVkZOU1U0UmlVNFJTVkZPU1U0UXlWQ01pVXlNREl3TWpBdE1EZ3RNRGtsTWpBeE1TNDBNeTQwTXk1dGIzWUdPd1pHT2hGamIyNTBaVzUwWDNSNWNHVkpJaFIyYVdSbGJ5OXhkV2xqYTNScGJXVUdPd1pVIiwiZXhwIjoiMjAyMC0wOC0wOVQwMzoxMjozOS4zNDBaIiwicHVyIjoiYmxvYl9rZXkifX0=--ed5a74c7f4694db440dc433e70a4867ee04f06fe/%E7%94%BB%E9%9D%A2%E5%8F%8E%E9%8C%B2%202020-08-09%2011.43.43.mov?content_type=video%2Fquicktime&disposition=attachment%3B+filename%3D%22%253F%253F%253F%253F+2020-08-09+11.43.43.mov%22%3B+filename%2A%3DUTF-8%27%27%25E7%2594%25BB%25E9%259D%25A2%25E5%258F%258E%25E9%258C%25B2%25202020-08-09%252011.43.43.mov
Completed 302 Found in 3ms (ActiveRecord: 0.3ms)


Started GET "/rails/active_storage/disk/eyJfcmFpbHMiOnsibWVzc2FnZSI6IkJBaDdDRG9JYTJWNVNTSWRUalI2UzNwWFRXRkZVRkZZUVZWbldWaG5aVkZYZERaNUJqb0dSVlE2RUdScGMzQnZjMmwwYVc5dVNTSUJqbUYwZEdGamFHMWxiblE3SUdacGJHVnVZVzFsUFNJbE0wWWxNMFlsTTBZbE0wWWdNakF5TUMwd09DMHdPU0F4TVM0ME15NDBNeTV0YjNZaU95Qm1hV3hsYm1GdFpTbzlWVlJHTFRnbkp5VkZOeVU1TkNWQ1FpVkZPU1U1UkNWQk1pVkZOU1U0UmlVNFJTVkZPU1U0UXlWQ01pVXlNREl3TWpBdE1EZ3RNRGtsTWpBeE1TNDBNeTQwTXk1dGIzWUdPd1pHT2hGamIyNTBaVzUwWDNSNWNHVkpJaFIyYVdSbGJ5OXhkV2xqYTNScGJXVUdPd1pVIiwiZXhwIjoiMjAyMC0wOC0wOVQwMzoxMjozOS4zNDBaIiwicHVyIjoiYmxvYl9rZXkifX0=--ed5a74c7f4694db440dc433e70a4867ee04f06fe/%E7%94%BB%E9%9D%A2%E5%8F%8E%E9%8C%B2%202020-08-09%2011.43.43.mov?content_type=video%2Fquicktime&disposition=attachment%3B+filename%3D%22%253F%253F%253F%253F+2020-08-09+11.43.43.mov%22%3B+filename%2A%3DUTF-8%27%27%25E7%2594%25BB%25E9%259D%25A2%25E5%258F%258E%25E9%258C%25B2%25202020-08-09%252011.43.43.mov" for ::1 at 2020-08-09 12:07:39 +0900
Processing by ActiveStorage::DiskController#show as 
  Parameters: {"content_type"=>"video/quicktime", "disposition"=>"attachment; filename=\"%3F%3F%3F%3F 2020-08-09 11.43.43.mov\"; filename*=UTF-8''%E7%94%BB%E9%9D%A2%E5%8F%8E%E9%8C%B2%202020-08-09%2011.43.43.mov", "encoded_key"=>"eyJfcmFpbHMiOnsibWVzc2FnZSI6IkJBaDdDRG9JYTJWNVNTSWRUalI2UzNwWFRXRkZVRkZZUVZWbldWaG5aVkZYZERaNUJqb0dSVlE2RUdScGMzQnZjMmwwYVc5dVNTSUJqbUYwZEdGamFHMWxiblE3SUdacGJHVnVZVzFsUFNJbE0wWWxNMFlsTTBZbE0wWWdNakF5TUMwd09DMHdPU0F4TVM0ME15NDBNeTV0YjNZaU95Qm1hV3hsYm1GdFpTbzlWVlJHTFRnbkp5VkZOeVU1TkNWQ1FpVkZPU1U1UkNWQk1pVkZOU1U0UmlVNFJTVkZPU1U0UXlWQ01pVXlNREl3TWpBdE1EZ3RNRGtsTWpBeE1TNDBNeTQwTXk1dGIzWUdPd1pHT2hGamIyNTBaVzUwWDNSNWNHVkpJaFIyYVdSbGJ5OXhkV2xqYTNScGJXVUdPd1pVIiwiZXhwIjoiMjAyMC0wOC0wOVQwMzoxMjozOS4zNDBaIiwicHVyIjoiYmxvYl9rZXkifX0=--ed5a74c7f4694db440dc433e70a4867ee04f06fe", "filename"=>"画面収録 2020-08-09 11.43.43"}
Completed 200 OK in 1ms (ActiveRecord: 0.0ms)


